   17  cd /home
   18  pwd
   19  mkdir test1
   20  ls
   21  pwd
   22  mkdir test2/test3
   23  pwd
   24  mkdir -p test2/test3
   25  ls
   26  ls test2
   27  pwd
   28  touch test1/index.php
   29  ls
   30  ls test1
   31  cd ..
   32  pwd
   33  cd /home/test1 && ls
   34  owd
   35  pwd
   36  cd ../../
   37  pwd
   38  cd /home/test1
   39  cp index.php copy.php
   40  ls
   41  pwd
   42  cd ..
   43  cd ..
   44  cd /home
   45  cp -r test1 test4
   46  ls
   47  cd test4
   48  ls
   49  pwd
   50  cd ../../
   51  cd home
   52  pwd
   53  ls
   54  mv test2/test3 test3
   55  ls
   56  mv test4 test1_copy
   57  ls
   58  pwd
   59  rm test1_copy
   60  ls
   61  ls test1
   62  rm test1/copy.php
   63  pwd
   64  rm -r test3
   65  ls
   66  pwd
   67  ls
   68  cd test1
   69  ls
   70  cd ..
   71  ls
   72  cd test1_copy
   73  ls
   74  rm *.php
   75  ls
   76  pwd
   77  ls
   78  pwd
   79  cd ../../
   80  pwd
   81  cd /root
   82  cd home
   83  cd /home
   84  pwd
   85  ls
   86  ls test1
   87  cat README.md
   88  ls
   89  cd /
   90  cat README.md
   91  pwd
   92  cd /home
   93  echo '# Hello World' > README.md
   94  cat README.md
   95  echo '# Server Lesson' > README.md
   96  cat README.md
   97  echo 'Linux Practice' >> README.md
   98  cat README.md
   99  echo '-----------------' >> README.md
  100  cat README.md
  101  vi README.md
  102  cd/root
  103  ls
  104  cd /
  105  ls
  106  cd /root
  107  pwd
  108  mkdir server_lesson && cd server_lesson
  109  yum update -y && yum -y install git
  110  git version
  111  git init
  112  touch first.txt
  113  ls
  114  pwd
  115  mkdir linux_practice1
  116  ls
  117  cd linux_practice1
  118  mkdir public
  119  ls
  120  cd public
  121  ls
  122  touch index.php
  123  ls
  124  cp index.php index_bk.php
  125  ls
  126  cd ..
  127  cd ..
  128  ls
  129  cp linux_practice1/public linux_practice1/tmp
  130  ls
  131  cd linux_practice1 && ls
  132  pwd
  133  cd public
  134  ls
  135  cd ../../
  136  ls
  137  cd linux_practice1 && ls
  138  cp public tmp
  139  ls
  140  cp -r  linux_practice1/public linux_practice1/tmp
  141  cp -r linux_practice1/public linux_practice1/tmp
  142  cd ../../
  143  pwd
  144  ls
  145  cd server_lesson
  146  ls
  147  ls linux_practice1
  148  pwd
  149  cd linux_practice1
  150  ls
  151  cp -r public tmp
  152  ls
  153  cd tmp && ls
  154  rm index_bk.php
  155  ls
  156  cd ../../
  157  pwd
  158  ls /
  159  ls
  160  ls -a
  161  touch README.md
  162  ls
  163  vi README.md
  164  docker stop centos7
  165  docker stop centos7
  166  docker ps
  167  exit
  168  ls
  169  cd home
  170  ls
  171   git status
  172  git status
  173  git remote -v
  174  exit
  175  ls
  176  cd root
  177  ls
  178  cd server_lesson
  179  ls
  180  cd ..
  181  ls
  182  cd .. && ls
  183  cd home
  184  ls
  185  cd ..
  186  cd .. /root
  187  ls
  188  cd root $$ ls
  189  ls
  190  cd server_lesson
  191  ls
  192  cd linux_practice1
  193  ls
  194  cd public && ls
  195  cd .. && cd tmp && ls
  196  cd ../../
  197  ls
  198  cat README.md
  199  vi README.md
  200  less /etc/virc
  201  localectl status
  202  less /etc/virc
  203  localectl status
  204  less /etc/virc
  205  docker start centos7
  206  less /etc/virc
  207  localectl status
  208  localectl set-locale LANG=ja_JP.utf8
  209  less /etc/locale.conf
  210  ls
  211  vi README.md
  212  $ echo $LANG
  213  echo $LANG
  214  echo LANG
  215  env | grep LANG
  216  env | grep -i LANG
  217  locale -a
  218  LANG=ja_JP.UTF-8
  219  export LANG
  220  LANG=ja_JP.UTF-8
  221  locale -a
  222  echo $LANG
  223  vi README.md
  224  vi README.md
  225  vi README.md
  226  vi README.md
  227  vim ~/.vimrc
  228  exit
  229  docker stop centos7
  230  exit
  231  vim README.md
  232  ls
  233  cd root
  234  ls
  235  cd server_lesson
  236  ls
  237  vim README.md
  238  vi README.md
  239  docker stop centos7
  240  exit
  241  exit
  242  ls
  243  cd root
  244  ls
  245  cd server_lesson && ls
  246  vi README.md
  247  vi README.md
  248  vi README.md
  249  vi README.md
  250  cd ~/.vimrc
  251  pwd
  252  cd ..
  253  pwd
  254  ls
  255  cd ..
  256  ls
  257  cd .. && ls
  258  cd ~/.vimrc
  259  cd /Users/nagaokizuku
  260  pwd
  261  exit
  262  ls
  263  cd root
  264  ls
  265  cd server_lesson
  266  ls
  267  mkdir linux_practice2
  268  ls
  269  cd linux_practice2
  270  pwd
  271  mkdir documents && ls
  272  cd documents
  273  ls
  274  touch gizumo{01..50}.md
  275  ls
  276  cd ..
  277  ls
  278  mkdir trash
  279  ls
  280  cd trash
  281  cd ..
  282  ls
  283  cd documents
  284  ls
  285  mv gizumo{20..40}.md ..trash
  286  pwd
  287  mv gizumo{20..40}.md /root/server_lesson/linux_practice2/trash
  288  ls
  289  cd ..
  290  ls
  291  cd trash
  292  ls
  293  cd ..
  294  touch .gitignore
  295  ls
  296  pwd
  297  touch .gitignore
  298  ls -a
  299  vi .gitignore
  300  git status
  301  ls
  302  ls -a
  303  git status -a
  304  ãvi gitigunore
  305  vi .gitigunore
  306  git status
  307  vi .gitigunore
  308  vi .gitigunore
  309  git status
  310  git status -a
  311  vi .gitigunore
  312  vi .gitigunore
  313  cat .gitigunore
  314  touch exec_command.log
  315  ls
  316  history 300 > exec_command.log
